<?xml version="1.0" encoding="UTF-8"?>
  <testsuites tests="1" disabled="0" errors="1" failures="0" time="245.012937375">
      <testsuite name="Scenarios Suite" package="/mnt/d/code/symphony/test/integration/scenarios/06.ado" tests="1" disabled="0" skipped="0" errors="1" failures="0" time="245.012937375" timestamp="2025-01-13T19:39:53">
          <properties>
              <property name="SuiteSucceeded" value="false"></property>
              <property name="SuiteHasProgrammaticFocus" value="false"></property>
              <property name="SpecialSuiteFailureReason" value="Interrupted by User"></property>
              <property name="SuiteLabels" value="[]"></property>
              <property name="RandomSeed" value="1736768384"></property>
              <property name="RandomizeAllSpecs" value="false"></property>
              <property name="LabelFilter" value=""></property>
              <property name="FocusStrings" value=""></property>
              <property name="SkipStrings" value=""></property>
              <property name="FocusFiles" value=""></property>
              <property name="SkipFiles" value=""></property>
              <property name="FailOnPending" value="false"></property>
              <property name="FailFast" value="false"></property>
              <property name="FlakeAttempts" value="0"></property>
              <property name="DryRun" value="false"></property>
              <property name="ParallelTotal" value="1"></property>
              <property name="OutputInterceptorMode" value=""></property>
          </properties>
          <testcase name="[BeforeSuite]" classname="Scenarios Suite" status="interrupted" time="245.011622206">
              <error message="Interrupted by User" type="interrupted">[INTERRUPTED] Interrupted by User&#xA;In [BeforeSuite] at: /mnt/d/code/symphony/test/integration/scenarios/06.ado/suite_test.go:53 @ 01/13/25 19:43:58.328&#xA;&#xA;This is the Progress Report generated when the interrupt was received:&#xA;  In [BeforeSuite] (Node Runtime: 4m4.945s)&#xA;    /mnt/d/code/symphony/test/integration/scenarios/06.ado/suite_test.go:53&#xA;&#xA;  Spec Goroutine&#xA;  goroutine 24 [syscall, 4 minutes]&#xA;    syscall.Syscall6(0xf7, 0x1, 0x101b9f, 0xc0000b6d28, 0x1000004, 0x0, 0x0)&#xA;      /home/yanjiaxin/go/pkg/mod/golang.org/toolchain@v0.0.1-go1.22.6.linux-amd64/src/syscall/syscall_linux.go:91&#xA;    os.(*Process).blockUntilWaitable(0xc00074f800)&#xA;      /home/yanjiaxin/go/pkg/mod/golang.org/toolchain@v0.0.1-go1.22.6.linux-amd64/src/os/wait_waitid.go:32&#xA;    os.(*Process).wait(0xc00074f800)&#xA;      /home/yanjiaxin/go/pkg/mod/golang.org/toolchain@v0.0.1-go1.22.6.linux-amd64/src/os/exec_unix.go:22&#xA;    os.(*Process).Wait(...)&#xA;      /home/yanjiaxin/go/pkg/mod/golang.org/toolchain@v0.0.1-go1.22.6.linux-amd64/src/os/exec.go:134&#xA;    os/exec.(*Cmd).Wait(0xc000292180)&#xA;      /home/yanjiaxin/go/pkg/mod/golang.org/toolchain@v0.0.1-go1.22.6.linux-amd64/src/os/exec/exec.go:906&#xA;    os/exec.(*Cmd).Run(0xc000292180)&#xA;      /home/yanjiaxin/go/pkg/mod/golang.org/toolchain@v0.0.1-go1.22.6.linux-amd64/src/os/exec/exec.go:610&#xA;    github.com/eclipse-symphony/symphony/test/integration/lib/shell.Exec({0x7f2b50c39218?, 0xc0007686f0?}, {0xc000690a00?, 0x2?})&#xA;      /mnt/d/code/symphony/test/integration/lib/shell/shell.go:30&#xA;    github.com/eclipse-symphony/symphony/test/integration/lib/shell.LocalenvCmd({0x7f2b50c39218, 0xc0007686f0}, {0x2f51696, 0x13})&#xA;      /mnt/d/code/symphony/test/integration/lib/shell/shell.go:24&#xA;  &gt; github.com/eclipse-symphony/symphony/test/integration/scenarios/06%2eado_test.init.func5({0x7f2b50c39218?, 0xc0007686f0?})&#xA;      /mnt/d/code/symphony/test/integration/scenarios/06.ado/suite_test.go:57&#xA;        | // Expect(err).ToNot(HaveOccurred())&#xA;        | &#xA;        &gt; shell.LocalenvCmd(ctx, &#34;mage cluster:deploy&#34;)&#xA;        | &#xA;        | logger.SetDefaultLogger(GinkgoWriter.Printf)&#xA;    github.com/onsi/ginkgo/v2/internal.extractBodyFunction.func2({0x32dfe50?, 0xc0007686f0?})&#xA;      /home/yanjiaxin/go/pkg/mod/github.com/onsi/ginkgo/v2@v2.15.0/internal/node.go:456&#xA;    github.com/onsi/ginkgo/v2/internal.(*Suite).runNode.func3()&#xA;      /home/yanjiaxin/go/pkg/mod/github.com/onsi/ginkgo/v2@v2.15.0/internal/suite.go:889&#xA;    github.com/onsi/ginkgo/v2/internal.(*Suite).runNode in goroutine 21&#xA;      /home/yanjiaxin/go/pkg/mod/github.com/onsi/ginkgo/v2@v2.15.0/internal/suite.go:876&#xA;&#xA;  Other Goroutines&#xA;  goroutine 21 [running]&#xA;    github.com/onsi/ginkgo/v2/internal.extractRunningGoroutines()&#xA;      /home/yanjiaxin/go/pkg/mod/github.com/onsi/ginkgo/v2@v2.15.0/internal/progress_report.go:181&#xA;    github.com/onsi/ginkgo/v2/internal.NewProgressReport(_, {{0x0, 0x0, 0x0}, {0x0, 0x0, 0x0}, {0x0, 0x0, 0x0}, ...}, ...)&#xA;      /home/yanjiaxin/go/pkg/mod/github.com/onsi/ginkgo/v2@v2.15.0/internal/progress_report.go:75&#xA;    github.com/onsi/ginkgo/v2/internal.(*Suite).generateProgressReport(_, _)&#xA;      /home/yanjiaxin/go/pkg/mod/github.com/onsi/ginkgo/v2@v2.15.0/internal/suite.go:381&#xA;    github.com/onsi/ginkgo/v2/internal.(*Suite).runNode(_, {0x5, 0x200, {0x0, 0x0}, 0xc0004142d0, {{0x3881fe9, 0x44}, 0x35, {0x0, ...}, ...}, ...}, ...)&#xA;      /home/yanjiaxin/go/pkg/mod/github.com/onsi/ginkgo/v2@v2.15.0/internal/suite.go:975&#xA;    github.com/onsi/ginkgo/v2/internal.(*Suite).runSuiteNode(_, {0x5, 0x200, {0x0, 0x0}, 0xc0004142d0, {{0x3881fe9, 0x44}, 0x35, {0x0, ...}, ...}, ...})&#xA;      /home/yanjiaxin/go/pkg/mod/github.com/onsi/ginkgo/v2@v2.15.0/internal/suite.go:626&#xA;    github.com/onsi/ginkgo/v2/internal.(*Suite).runBeforeSuite(0xc00026aa88, 0x8000?)&#xA;      /home/yanjiaxin/go/pkg/mod/github.com/onsi/ginkgo/v2@v2.15.0/internal/suite.go:536&#xA;    github.com/onsi/ginkgo/v2/internal.(*Suite).runSpecs(0xc00026aa88, {0x2f47f9c, 0xf}, {0x4652900, 0x0, 0x0}, {0xc00005c0c4, 0x36}, 0x0, {0xc0004d1208, ...})&#xA;      /home/yanjiaxin/go/pkg/mod/github.com/onsi/ginkgo/v2@v2.15.0/internal/suite.go:458&#xA;    github.com/onsi/ginkgo/v2/internal.(*Suite).Run(_, {_, _}, {_, _, _}, {_, _}, _, {0x32e38d0, ...}, ...)&#xA;      /home/yanjiaxin/go/pkg/mod/github.com/onsi/ginkgo/v2@v2.15.0/internal/suite.go:130&#xA;    github.com/onsi/ginkgo/v2.RunSpecs({0x32b7d40, 0xc0000ea820}, {0x2f47f9c, 0xf}, {0x0, 0x0, 0x0})&#xA;      /home/yanjiaxin/go/pkg/mod/github.com/onsi/ginkgo/v2@v2.15.0/core_dsl.go:300&#xA;    github.com/eclipse-symphony/symphony/test/integration/scenarios/06%2eado_test.TestScenarios(0xc0000ea820)&#xA;      /mnt/d/code/symphony/test/integration/scenarios/06.ado/suite_test.go:64&#xA;    testing.tRunner(0xc0000ea820, 0x3079fb0)&#xA;      /home/yanjiaxin/go/pkg/mod/golang.org/toolchain@v0.0.1-go1.22.6.linux-amd64/src/testing/testing.go:1689&#xA;    testing.(*T).Run in goroutine 1&#xA;      /home/yanjiaxin/go/pkg/mod/golang.org/toolchain@v0.0.1-go1.22.6.linux-amd64/src/testing/testing.go:1742&#xA;&#xA;  goroutine 1 [chan receive, 4 minutes]&#xA;    testing.(*T).Run(0xc0000ea000, {0x2f43a2e?, 0x0?}, 0x3079fb0)&#xA;      /home/yanjiaxin/go/pkg/mod/golang.org/toolchain@v0.0.1-go1.22.6.linux-amd64/src/testing/testing.go:1750&#xA;    testing.runTests.func1(0xc0000ea000)&#xA;      /home/yanjiaxin/go/pkg/mod/golang.org/toolchain@v0.0.1-go1.22.6.linux-amd64/src/testing/testing.go:2161&#xA;    testing.tRunner(0xc0000ea000, 0xc000703c60)&#xA;      /home/yanjiaxin/go/pkg/mod/golang.org/toolchain@v0.0.1-go1.22.6.linux-amd64/src/testing/testing.go:1689&#xA;    testing.runTests(0xc0006760c0, {0x4437bf0, 0x1, 0x1}, {0x1?, 0x10c45ce?, 0x0?})&#xA;      /home/yanjiaxin/go/pkg/mod/golang.org/toolchain@v0.0.1-go1.22.6.linux-amd64/src/testing/testing.go:2159&#xA;    testing.(*M).Run(0xc0006b6500)&#xA;      /home/yanjiaxin/go/pkg/mod/golang.org/toolchain@v0.0.1-go1.22.6.linux-amd64/src/testing/testing.go:2027&#xA;    main.main()&#xA;      _testmain.go:81&#xA;&#xA;  goroutine 43 [syscall]&#xA;    os/signal.signal_recv()&#xA;      /home/yanjiaxin/go/pkg/mod/golang.org/toolchain@v0.0.1-go1.22.6.linux-amd64/src/runtime/sigqueue.go:152&#xA;    os/signal.loop()&#xA;      /home/yanjiaxin/go/pkg/mod/golang.org/toolchain@v0.0.1-go1.22.6.linux-amd64/src/os/signal/signal_unix.go:23&#xA;    os/signal.Notify.func1.1 in goroutine 21&#xA;      /home/yanjiaxin/go/pkg/mod/golang.org/toolchain@v0.0.1-go1.22.6.linux-amd64/src/os/signal/signal.go:151&#xA;&#xA;  goroutine 44 [select]&#xA;    github.com/onsi/ginkgo/v2/internal/interrupt_handler.(*InterruptHandler).registerForInterrupts.func2(0x0?)&#xA;      /home/yanjiaxin/go/pkg/mod/github.com/onsi/ginkgo/v2@v2.15.0/internal/interrupt_handler/interrupt_handler.go:131&#xA;    github.com/onsi/ginkgo/v2/internal/interrupt_handler.(*InterruptHandler).registerForInterrupts in goroutine 21&#xA;      /home/yanjiaxin/go/pkg/mod/github.com/onsi/ginkgo/v2@v2.15.0/internal/interrupt_handler/interrupt_handler.go:128&#xA;&#xA;  goroutine 23 [select, 4 minutes]&#xA;    github.com/onsi/ginkgo/v2/internal.RegisterForProgressSignal.func1()&#xA;      /home/yanjiaxin/go/pkg/mod/github.com/onsi/ginkgo/v2@v2.15.0/internal/progress_report.go:32&#xA;    github.com/onsi/ginkgo/v2/internal.RegisterForProgressSignal in goroutine 21&#xA;      /home/yanjiaxin/go/pkg/mod/github.com/onsi/ginkgo/v2@v2.15.0/internal/progress_report.go:30&#xA;&#xA;  goroutine 25 [runnable]&#xA;    syscall.Syscall(0x0, 0x7, 0xc00082c000, 0x8000)&#xA;      /home/yanjiaxin/go/pkg/mod/golang.org/toolchain@v0.0.1-go1.22.6.linux-amd64/src/syscall/syscall_linux.go:69&#xA;    syscall.read(0xc000176cc0?, {0xc00082c000?, 0xc0000bbc01?, 0x10b7a28?})&#xA;      /home/yanjiaxin/go/pkg/mod/golang.org/toolchain@v0.0.1-go1.22.6.linux-amd64/src/syscall/zsyscall_linux_amd64.go:736&#xA;    syscall.Read(...)&#xA;      /home/yanjiaxin/go/pkg/mod/golang.org/toolchain@v0.0.1-go1.22.6.linux-amd64/src/syscall/syscall_unix.go:181&#xA;    internal/poll.ignoringEINTRIO(...)&#xA;      /home/yanjiaxin/go/pkg/mod/golang.org/toolchain@v0.0.1-go1.22.6.linux-amd64/src/internal/poll/fd_unix.go:736&#xA;    internal/poll.(*FD).Read(0xc000176cc0, {0xc00082c000, 0x8000, 0x8000})&#xA;      /home/yanjiaxin/go/pkg/mod/golang.org/toolchain@v0.0.1-go1.22.6.linux-amd64/src/internal/poll/fd_unix.go:160&#xA;    os.(*File).read(...)&#xA;      /home/yanjiaxin/go/pkg/mod/golang.org/toolchain@v0.0.1-go1.22.6.linux-amd64/src/os/file_posix.go:29&#xA;    os.(*File).Read(0xc0001267d0, {0xc00082c000?, 0xc000014a00?, 0xc0000bbd58?})&#xA;      /home/yanjiaxin/go/pkg/mod/golang.org/toolchain@v0.0.1-go1.22.6.linux-amd64/src/os/file.go:118&#xA;    io.copyBuffer({0x32b8dc0, 0xc0000d58c0}, {0x32b7c40, 0xc0005e5970}, {0x0, 0x0, 0x0})&#xA;      /home/yanjiaxin/go/pkg/mod/golang.org/toolchain@v0.0.1-go1.22.6.linux-amd64/src/io/io.go:429&#xA;    io.Copy(...)&#xA;      /home/yanjiaxin/go/pkg/mod/golang.org/toolchain@v0.0.1-go1.22.6.linux-amd64/src/io/io.go:388&#xA;    os.genericWriteTo(0xc0001267d0?, {0x32b8dc0, 0xc0000d58c0})&#xA;      /home/yanjiaxin/go/pkg/mod/golang.org/toolchain@v0.0.1-go1.22.6.linux-amd64/src/os/file.go:269&#xA;    os.(*File).WriteTo(0xc0001267d0, {0x32b8dc0, 0xc0000d58c0})&#xA;      /home/yanjiaxin/go/pkg/mod/golang.org/toolchain@v0.0.1-go1.22.6.linux-amd64/src/os/file.go:247&#xA;    io.copyBuffer({0x32b8dc0, 0xc0000d58c0}, {0x32b7ca0, 0xc0001267d0}, {0x0, 0x0, 0x0})&#xA;      /home/yanjiaxin/go/pkg/mod/golang.org/toolchain@v0.0.1-go1.22.6.linux-amd64/src/io/io.go:411&#xA;    io.Copy(...)&#xA;      /home/yanjiaxin/go/pkg/mod/golang.org/toolchain@v0.0.1-go1.22.6.linux-amd64/src/io/io.go:388&#xA;    os/exec.(*Cmd).writerDescriptor.func1()&#xA;      /home/yanjiaxin/go/pkg/mod/golang.org/toolchain@v0.0.1-go1.22.6.linux-amd64/src/os/exec/exec.go:580&#xA;    os/exec.(*Cmd).Start.func2(0xc0000a3fa0?)&#xA;      /home/yanjiaxin/go/pkg/mod/golang.org/toolchain@v0.0.1-go1.22.6.linux-amd64/src/os/exec/exec.go:733&#xA;    os/exec.(*Cmd).Start in goroutine 24&#xA;      /home/yanjiaxin/go/pkg/mod/golang.org/toolchain@v0.0.1-go1.22.6.linux-amd64/src/os/exec/exec.go:732&#xA;&#xA;  goroutine 26 [select, 4 minutes]&#xA;    os/exec.(*Cmd).watchCtx(0xc000292180, 0xc00010fb60)&#xA;      /home/yanjiaxin/go/pkg/mod/golang.org/toolchain@v0.0.1-go1.22.6.linux-amd64/src/os/exec/exec.go:773&#xA;    os/exec.(*Cmd).Start in goroutine 24&#xA;      /home/yanjiaxin/go/pkg/mod/golang.org/toolchain@v0.0.1-go1.22.6.linux-amd64/src/os/exec/exec.go:759&#xA;</error>
              <system-err>&gt; Enter [BeforeSuite] TOP-LEVEL - /mnt/d/code/symphony/test/integration/scenarios/06.ado/suite_test.go:53 @ 01/13/25 19:39:53.396&#xA;�[35m&gt;�[0m�[1m cd /mnt/d/code/symphony/test/localenv &amp;&amp; mage cluster:deploy�[0m&#xA;Deploying symphony to minikube&#xA;&gt; kubectl config use-context minikube&#xA;Switched to context &#34;minikube&#34;.&#xA;[DONE] (402.366818ms) &#39;start minikube&#39;&#xA;&gt; helm upgrade ecosystem ../../packages/helm/symphony --install -n default --create-namespace --wait -f ../../packages/helm/symphony/values.yaml -f symphony-ghcr-values.yaml --set symphonyImage.tag=latest --set paiImage.tag=latest&#xA;WARNING: Kubernetes configuration file is group-readable. This is insecure. Location: /home/yanjiaxin/.kube/config&#xA;WARNING: Kubernetes configuration file is world-readable. This is insecure. Location: /home/yanjiaxin/.kube/config&#xA;Release &#34;ecosystem&#34; does not exist. Installing it now.&#xA;[INTERRUPTED] Interrupted by User&#xA;In [BeforeSuite] at: /mnt/d/code/symphony/test/integration/scenarios/06.ado/suite_test.go:53 @ 01/13/25 19:43:58.328&#xA;&#xA;This is the Progress Report generated when the interrupt was received:&#xA;  In [BeforeSuite] (Node Runtime: 4m4.945s)&#xA;    /mnt/d/code/symphony/test/integration/scenarios/06.ado/suite_test.go:53&#xA;&#xA;  Spec Goroutine&#xA;  goroutine 24 [syscall, 4 minutes]&#xA;    syscall.Syscall6(0xf7, 0x1, 0x101b9f, 0xc0000b6d28, 0x1000004, 0x0, 0x0)&#xA;      /home/yanjiaxin/go/pkg/mod/golang.org/toolchain@v0.0.1-go1.22.6.linux-amd64/src/syscall/syscall_linux.go:91&#xA;    os.(*Process).blockUntilWaitable(0xc00074f800)&#xA;      /home/yanjiaxin/go/pkg/mod/golang.org/toolchain@v0.0.1-go1.22.6.linux-amd64/src/os/wait_waitid.go:32&#xA;    os.(*Process).wait(0xc00074f800)&#xA;      /home/yanjiaxin/go/pkg/mod/golang.org/toolchain@v0.0.1-go1.22.6.linux-amd64/src/os/exec_unix.go:22&#xA;    os.(*Process).Wait(...)&#xA;      /home/yanjiaxin/go/pkg/mod/golang.org/toolchain@v0.0.1-go1.22.6.linux-amd64/src/os/exec.go:134&#xA;    os/exec.(*Cmd).Wait(0xc000292180)&#xA;      /home/yanjiaxin/go/pkg/mod/golang.org/toolchain@v0.0.1-go1.22.6.linux-amd64/src/os/exec/exec.go:906&#xA;    os/exec.(*Cmd).Run(0xc000292180)&#xA;      /home/yanjiaxin/go/pkg/mod/golang.org/toolchain@v0.0.1-go1.22.6.linux-amd64/src/os/exec/exec.go:610&#xA;    github.com/eclipse-symphony/symphony/test/integration/lib/shell.Exec({0x7f2b50c39218?, 0xc0007686f0?}, {0xc000690a00?, 0x2?})&#xA;      /mnt/d/code/symphony/test/integration/lib/shell/shell.go:30&#xA;    github.com/eclipse-symphony/symphony/test/integration/lib/shell.LocalenvCmd({0x7f2b50c39218, 0xc0007686f0}, {0x2f51696, 0x13})&#xA;      /mnt/d/code/symphony/test/integration/lib/shell/shell.go:24&#xA;  &gt; github.com/eclipse-symphony/symphony/test/integration/scenarios/06%2eado_test.init.func5({0x7f2b50c39218?, 0xc0007686f0?})&#xA;      /mnt/d/code/symphony/test/integration/scenarios/06.ado/suite_test.go:57&#xA;        | // Expect(err).ToNot(HaveOccurred())&#xA;        | &#xA;        &gt; shell.LocalenvCmd(ctx, &#34;mage cluster:deploy&#34;)&#xA;        | &#xA;        | logger.SetDefaultLogger(GinkgoWriter.Printf)&#xA;    github.com/onsi/ginkgo/v2/internal.extractBodyFunction.func2({0x32dfe50?, 0xc0007686f0?})&#xA;      /home/yanjiaxin/go/pkg/mod/github.com/onsi/ginkgo/v2@v2.15.0/internal/node.go:456&#xA;    github.com/onsi/ginkgo/v2/internal.(*Suite).runNode.func3()&#xA;      /home/yanjiaxin/go/pkg/mod/github.com/onsi/ginkgo/v2@v2.15.0/internal/suite.go:889&#xA;    github.com/onsi/ginkgo/v2/internal.(*Suite).runNode in goroutine 21&#xA;      /home/yanjiaxin/go/pkg/mod/github.com/onsi/ginkgo/v2@v2.15.0/internal/suite.go:876&#xA;&#xA;  Other Goroutines&#xA;  goroutine 21 [running]&#xA;    github.com/onsi/ginkgo/v2/internal.extractRunningGoroutines()&#xA;      /home/yanjiaxin/go/pkg/mod/github.com/onsi/ginkgo/v2@v2.15.0/internal/progress_report.go:181&#xA;    github.com/onsi/ginkgo/v2/internal.NewProgressReport(_, {{0x0, 0x0, 0x0}, {0x0, 0x0, 0x0}, {0x0, 0x0, 0x0}, ...}, ...)&#xA;      /home/yanjiaxin/go/pkg/mod/github.com/onsi/ginkgo/v2@v2.15.0/internal/progress_report.go:75&#xA;    github.com/onsi/ginkgo/v2/internal.(*Suite).generateProgressReport(_, _)&#xA;      /home/yanjiaxin/go/pkg/mod/github.com/onsi/ginkgo/v2@v2.15.0/internal/suite.go:381&#xA;    github.com/onsi/ginkgo/v2/internal.(*Suite).runNode(_, {0x5, 0x200, {0x0, 0x0}, 0xc0004142d0, {{0x3881fe9, 0x44}, 0x35, {0x0, ...}, ...}, ...}, ...)&#xA;      /home/yanjiaxin/go/pkg/mod/github.com/onsi/ginkgo/v2@v2.15.0/internal/suite.go:975&#xA;    github.com/onsi/ginkgo/v2/internal.(*Suite).runSuiteNode(_, {0x5, 0x200, {0x0, 0x0}, 0xc0004142d0, {{0x3881fe9, 0x44}, 0x35, {0x0, ...}, ...}, ...})&#xA;      /home/yanjiaxin/go/pkg/mod/github.com/onsi/ginkgo/v2@v2.15.0/internal/suite.go:626&#xA;    github.com/onsi/ginkgo/v2/internal.(*Suite).runBeforeSuite(0xc00026aa88, 0x8000?)&#xA;      /home/yanjiaxin/go/pkg/mod/github.com/onsi/ginkgo/v2@v2.15.0/internal/suite.go:536&#xA;    github.com/onsi/ginkgo/v2/internal.(*Suite).runSpecs(0xc00026aa88, {0x2f47f9c, 0xf}, {0x4652900, 0x0, 0x0}, {0xc00005c0c4, 0x36}, 0x0, {0xc0004d1208, ...})&#xA;      /home/yanjiaxin/go/pkg/mod/github.com/onsi/ginkgo/v2@v2.15.0/internal/suite.go:458&#xA;    github.com/onsi/ginkgo/v2/internal.(*Suite).Run(_, {_, _}, {_, _, _}, {_, _}, _, {0x32e38d0, ...}, ...)&#xA;      /home/yanjiaxin/go/pkg/mod/github.com/onsi/ginkgo/v2@v2.15.0/internal/suite.go:130&#xA;    github.com/onsi/ginkgo/v2.RunSpecs({0x32b7d40, 0xc0000ea820}, {0x2f47f9c, 0xf}, {0x0, 0x0, 0x0})&#xA;      /home/yanjiaxin/go/pkg/mod/github.com/onsi/ginkgo/v2@v2.15.0/core_dsl.go:300&#xA;    github.com/eclipse-symphony/symphony/test/integration/scenarios/06%2eado_test.TestScenarios(0xc0000ea820)&#xA;      /mnt/d/code/symphony/test/integration/scenarios/06.ado/suite_test.go:64&#xA;    testing.tRunner(0xc0000ea820, 0x3079fb0)&#xA;      /home/yanjiaxin/go/pkg/mod/golang.org/toolchain@v0.0.1-go1.22.6.linux-amd64/src/testing/testing.go:1689&#xA;    testing.(*T).Run in goroutine 1&#xA;      /home/yanjiaxin/go/pkg/mod/golang.org/toolchain@v0.0.1-go1.22.6.linux-amd64/src/testing/testing.go:1742&#xA;&#xA;  goroutine 1 [chan receive, 4 minutes]&#xA;    testing.(*T).Run(0xc0000ea000, {0x2f43a2e?, 0x0?}, 0x3079fb0)&#xA;      /home/yanjiaxin/go/pkg/mod/golang.org/toolchain@v0.0.1-go1.22.6.linux-amd64/src/testing/testing.go:1750&#xA;    testing.runTests.func1(0xc0000ea000)&#xA;      /home/yanjiaxin/go/pkg/mod/golang.org/toolchain@v0.0.1-go1.22.6.linux-amd64/src/testing/testing.go:2161&#xA;    testing.tRunner(0xc0000ea000, 0xc000703c60)&#xA;      /home/yanjiaxin/go/pkg/mod/golang.org/toolchain@v0.0.1-go1.22.6.linux-amd64/src/testing/testing.go:1689&#xA;    testing.runTests(0xc0006760c0, {0x4437bf0, 0x1, 0x1}, {0x1?, 0x10c45ce?, 0x0?})&#xA;      /home/yanjiaxin/go/pkg/mod/golang.org/toolchain@v0.0.1-go1.22.6.linux-amd64/src/testing/testing.go:2159&#xA;    testing.(*M).Run(0xc0006b6500)&#xA;      /home/yanjiaxin/go/pkg/mod/golang.org/toolchain@v0.0.1-go1.22.6.linux-amd64/src/testing/testing.go:2027&#xA;    main.main()&#xA;      _testmain.go:81&#xA;&#xA;  goroutine 43 [syscall]&#xA;    os/signal.signal_recv()&#xA;      /home/yanjiaxin/go/pkg/mod/golang.org/toolchain@v0.0.1-go1.22.6.linux-amd64/src/runtime/sigqueue.go:152&#xA;    os/signal.loop()&#xA;      /home/yanjiaxin/go/pkg/mod/golang.org/toolchain@v0.0.1-go1.22.6.linux-amd64/src/os/signal/signal_unix.go:23&#xA;    os/signal.Notify.func1.1 in goroutine 21&#xA;      /home/yanjiaxin/go/pkg/mod/golang.org/toolchain@v0.0.1-go1.22.6.linux-amd64/src/os/signal/signal.go:151&#xA;&#xA;  goroutine 44 [select]&#xA;    github.com/onsi/ginkgo/v2/internal/interrupt_handler.(*InterruptHandler).registerForInterrupts.func2(0x0?)&#xA;      /home/yanjiaxin/go/pkg/mod/github.com/onsi/ginkgo/v2@v2.15.0/internal/interrupt_handler/interrupt_handler.go:131&#xA;    github.com/onsi/ginkgo/v2/internal/interrupt_handler.(*InterruptHandler).registerForInterrupts in goroutine 21&#xA;      /home/yanjiaxin/go/pkg/mod/github.com/onsi/ginkgo/v2@v2.15.0/internal/interrupt_handler/interrupt_handler.go:128&#xA;&#xA;  goroutine 23 [select, 4 minutes]&#xA;    github.com/onsi/ginkgo/v2/internal.RegisterForProgressSignal.func1()&#xA;      /home/yanjiaxin/go/pkg/mod/github.com/onsi/ginkgo/v2@v2.15.0/internal/progress_report.go:32&#xA;    github.com/onsi/ginkgo/v2/internal.RegisterForProgressSignal in goroutine 21&#xA;      /home/yanjiaxin/go/pkg/mod/github.com/onsi/ginkgo/v2@v2.15.0/internal/progress_report.go:30&#xA;&#xA;  goroutine 25 [runnable]&#xA;    syscall.Syscall(0x0, 0x7, 0xc00082c000, 0x8000)&#xA;      /home/yanjiaxin/go/pkg/mod/golang.org/toolchain@v0.0.1-go1.22.6.linux-amd64/src/syscall/syscall_linux.go:69&#xA;    syscall.read(0xc000176cc0?, {0xc00082c000?, 0xc0000bbc01?, 0x10b7a28?})&#xA;      /home/yanjiaxin/go/pkg/mod/golang.org/toolchain@v0.0.1-go1.22.6.linux-amd64/src/syscall/zsyscall_linux_amd64.go:736&#xA;    syscall.Read(...)&#xA;      /home/yanjiaxin/go/pkg/mod/golang.org/toolchain@v0.0.1-go1.22.6.linux-amd64/src/syscall/syscall_unix.go:181&#xA;    internal/poll.ignoringEINTRIO(...)&#xA;      /home/yanjiaxin/go/pkg/mod/golang.org/toolchain@v0.0.1-go1.22.6.linux-amd64/src/internal/poll/fd_unix.go:736&#xA;    internal/poll.(*FD).Read(0xc000176cc0, {0xc00082c000, 0x8000, 0x8000})&#xA;      /home/yanjiaxin/go/pkg/mod/golang.org/toolchain@v0.0.1-go1.22.6.linux-amd64/src/internal/poll/fd_unix.go:160&#xA;    os.(*File).read(...)&#xA;      /home/yanjiaxin/go/pkg/mod/golang.org/toolchain@v0.0.1-go1.22.6.linux-amd64/src/os/file_posix.go:29&#xA;    os.(*File).Read(0xc0001267d0, {0xc00082c000?, 0xc000014a00?, 0xc0000bbd58?})&#xA;      /home/yanjiaxin/go/pkg/mod/golang.org/toolchain@v0.0.1-go1.22.6.linux-amd64/src/os/file.go:118&#xA;    io.copyBuffer({0x32b8dc0, 0xc0000d58c0}, {0x32b7c40, 0xc0005e5970}, {0x0, 0x0, 0x0})&#xA;      /home/yanjiaxin/go/pkg/mod/golang.org/toolchain@v0.0.1-go1.22.6.linux-amd64/src/io/io.go:429&#xA;    io.Copy(...)&#xA;      /home/yanjiaxin/go/pkg/mod/golang.org/toolchain@v0.0.1-go1.22.6.linux-amd64/src/io/io.go:388&#xA;    os.genericWriteTo(0xc0001267d0?, {0x32b8dc0, 0xc0000d58c0})&#xA;      /home/yanjiaxin/go/pkg/mod/golang.org/toolchain@v0.0.1-go1.22.6.linux-amd64/src/os/file.go:269&#xA;    os.(*File).WriteTo(0xc0001267d0, {0x32b8dc0, 0xc0000d58c0})&#xA;      /home/yanjiaxin/go/pkg/mod/golang.org/toolchain@v0.0.1-go1.22.6.linux-amd64/src/os/file.go:247&#xA;    io.copyBuffer({0x32b8dc0, 0xc0000d58c0}, {0x32b7ca0, 0xc0001267d0}, {0x0, 0x0, 0x0})&#xA;      /home/yanjiaxin/go/pkg/mod/golang.org/toolchain@v0.0.1-go1.22.6.linux-amd64/src/io/io.go:411&#xA;    io.Copy(...)&#xA;      /home/yanjiaxin/go/pkg/mod/golang.org/toolchain@v0.0.1-go1.22.6.linux-amd64/src/io/io.go:388&#xA;    os/exec.(*Cmd).writerDescriptor.func1()&#xA;      /home/yanjiaxin/go/pkg/mod/golang.org/toolchain@v0.0.1-go1.22.6.linux-amd64/src/os/exec/exec.go:580&#xA;    os/exec.(*Cmd).Start.func2(0xc0000a3fa0?)&#xA;      /home/yanjiaxin/go/pkg/mod/golang.org/toolchain@v0.0.1-go1.22.6.linux-amd64/src/os/exec/exec.go:733&#xA;    os/exec.(*Cmd).Start in goroutine 24&#xA;      /home/yanjiaxin/go/pkg/mod/golang.org/toolchain@v0.0.1-go1.22.6.linux-amd64/src/os/exec/exec.go:732&#xA;&#xA;  goroutine 26 [select, 4 minutes]&#xA;    os/exec.(*Cmd).watchCtx(0xc000292180, 0xc00010fb60)&#xA;      /home/yanjiaxin/go/pkg/mod/golang.org/toolchain@v0.0.1-go1.22.6.linux-amd64/src/os/exec/exec.go:773&#xA;    os/exec.(*Cmd).Start in goroutine 24&#xA;      /home/yanjiaxin/go/pkg/mod/golang.org/toolchain@v0.0.1-go1.22.6.linux-amd64/src/os/exec/exec.go:759&#xA;Interrupted by User&#xA;First interrupt received; Ginkgo will run any cleanup and reporting nodes but will skip all remaining specs.  Interrupt again to skip cleanup.&#xA;Here&#39;s a current progress report:&#xA;  In [BeforeSuite] (Node Runtime: 4m4.945s)&#xA;    /mnt/d/code/symphony/test/integration/scenarios/06.ado/suite_test.go:53&#xA;&#xA;  Spec Goroutine&#xA;  goroutine 24 [syscall, 4 minutes]&#xA;    syscall.Syscall6(0xf7, 0x1, 0x101b9f, 0xc0000b6d28, 0x1000004, 0x0, 0x0)&#xA;      /home/yanjiaxin/go/pkg/mod/golang.org/toolchain@v0.0.1-go1.22.6.linux-amd64/src/syscall/syscall_linux.go:91&#xA;    os.(*Process).blockUntilWaitable(0xc00074f800)&#xA;      /home/yanjiaxin/go/pkg/mod/golang.org/toolchain@v0.0.1-go1.22.6.linux-amd64/src/os/wait_waitid.go:32&#xA;    os.(*Process).wait(0xc00074f800)&#xA;      /home/yanjiaxin/go/pkg/mod/golang.org/toolchain@v0.0.1-go1.22.6.linux-amd64/src/os/exec_unix.go:22&#xA;    os.(*Process).Wait(...)&#xA;      /home/yanjiaxin/go/pkg/mod/golang.org/toolchain@v0.0.1-go1.22.6.linux-amd64/src/os/exec.go:134&#xA;    os/exec.(*Cmd).Wait(0xc000292180)&#xA;      /home/yanjiaxin/go/pkg/mod/golang.org/toolchain@v0.0.1-go1.22.6.linux-amd64/src/os/exec/exec.go:906&#xA;    os/exec.(*Cmd).Run(0xc000292180)&#xA;      /home/yanjiaxin/go/pkg/mod/golang.org/toolchain@v0.0.1-go1.22.6.linux-amd64/src/os/exec/exec.go:610&#xA;    github.com/eclipse-symphony/symphony/test/integration/lib/shell.Exec({0x7f2b50c39218?, 0xc0007686f0?}, {0xc000690a00?, 0x2?})&#xA;      /mnt/d/code/symphony/test/integration/lib/shell/shell.go:30&#xA;    github.com/eclipse-symphony/symphony/test/integration/lib/shell.LocalenvCmd({0x7f2b50c39218, 0xc0007686f0}, {0x2f51696, 0x13})&#xA;      /mnt/d/code/symphony/test/integration/lib/shell/shell.go:24&#xA;  &gt; github.com/eclipse-symphony/symphony/test/integration/scenarios/06%2eado_test.init.func5({0x7f2b50c39218?, 0xc0007686f0?})&#xA;      /mnt/d/code/symphony/test/integration/scenarios/06.ado/suite_test.go:57&#xA;        | // Expect(err).ToNot(HaveOccurred())&#xA;        | &#xA;        &gt; shell.LocalenvCmd(ctx, &#34;mage cluster:deploy&#34;)&#xA;        | &#xA;        | logger.SetDefaultLogger(GinkgoWriter.Printf)&#xA;    github.com/onsi/ginkgo/v2/internal.extractBodyFunction.func2({0x32dfe50?, 0xc0007686f0?})&#xA;      /home/yanjiaxin/go/pkg/mod/github.com/onsi/ginkgo/v2@v2.15.0/internal/node.go:456&#xA;    github.com/onsi/ginkgo/v2/internal.(*Suite).runNode.func3()&#xA;      /home/yanjiaxin/go/pkg/mod/github.com/onsi/ginkgo/v2@v2.15.0/internal/suite.go:889&#xA;    github.com/onsi/ginkgo/v2/internal.(*Suite).runNode in goroutine 21&#xA;      /home/yanjiaxin/go/pkg/mod/github.com/onsi/ginkgo/v2@v2.15.0/internal/suite.go:876&#xA;Release ecosystem has been cancelled.&#xA;cancelling mage targets, waiting up to 5 seconds for cleanup...&#xA;Error: context canceled&#xA;Error: exit status 1&#xA;&lt; Exit [BeforeSuite] TOP-LEVEL - /mnt/d/code/symphony/test/integration/scenarios/06.ado/suite_test.go:53 @ 01/13/25 19:43:58.395 (4m5.012s)&#xA;</system-err>
          </testcase>
      </testsuite>
  </testsuites>